This is pdfTeX, Version 3.1415926-2.5-1.40.14 (TeX Live 2013/Arch Linux) (format=pdflatex 2013.9.13)  11 MAR 2014 20:56
entering extended mode
 restricted \write18 enabled.
 %&-line parsing enabled.
**\input report.tex
(./report.tex (/usr/share/texmf-dist/tex/latex/base/article.cls
Document Class: article 2007/10/19 v1.4h Standard LaTeX document class
(/usr/share/texmf-dist/tex/latex/base/size10.clo
File: size10.clo 2007/10/19 v1.4h Standard LaTeX file (size option)
)
\c@part=\count79
\c@section=\count80
\c@subsection=\count81
\c@subsubsection=\count82
\c@paragraph=\count83
\c@subparagraph=\count84
\c@figure=\count85
\c@table=\count86
\abovecaptionskip=\skip41
\belowcaptionskip=\skip42
\bibindent=\dimen102
)
(/usr/share/texmf-dist/tex/latex/listings/listings.sty
(/usr/share/texmf-dist/tex/latex/graphics/keyval.sty
Package: keyval 1999/03/16 v1.13 key=value parser (DPC)
\KV@toks@=\toks14
)
\lst@mode=\count87
\lst@gtempboxa=\box26
\lst@token=\toks15
\lst@length=\count88
\lst@currlwidth=\dimen103
\lst@column=\count89
\lst@pos=\count90
\lst@lostspace=\dimen104
\lst@width=\dimen105
\lst@newlines=\count91
\lst@lineno=\count92
\lst@maxwidth=\dimen106

(/usr/share/texmf-dist/tex/latex/listings/lstmisc.sty
File: lstmisc.sty 2013/08/26 1.5b (Carsten Heinz)
\c@lstnumber=\count93
\lst@skipnumbers=\count94
\lst@framebox=\box27
)
(/usr/share/texmf-dist/tex/latex/listings/listings.cfg
File: listings.cfg 2013/08/26 1.5b listings configuration
))
Package: listings 2013/08/26 1.5b (Carsten Heinz)
 (./report.aux
(./pretty.tex.aux))
\openout1 = `report.aux'.

LaTeX Font Info:    Checking defaults for OML/cmm/m/it on input line 9.
LaTeX Font Info:    ... okay on input line 9.
LaTeX Font Info:    Checking defaults for T1/cmr/m/n on input line 9.
LaTeX Font Info:    ... okay on input line 9.
LaTeX Font Info:    Checking defaults for OT1/cmr/m/n on input line 9.
LaTeX Font Info:    ... okay on input line 9.
LaTeX Font Info:    Checking defaults for OMS/cmsy/m/n on input line 9.
LaTeX Font Info:    ... okay on input line 9.
LaTeX Font Info:    Checking defaults for OMX/cmex/m/n on input line 9.
LaTeX Font Info:    ... okay on input line 9.
LaTeX Font Info:    Checking defaults for U/cmr/m/n on input line 9.
LaTeX Font Info:    ... okay on input line 9.
\c@lstlisting=\count95
LaTeX Font Info:    External font `cmex10' loaded for size
(Font)              <12> on input line 11.
LaTeX Font Info:    External font `cmex10' loaded for size
(Font)              <8> on input line 11.
LaTeX Font Info:    External font `cmex10' loaded for size
(Font)              <6> on input line 11.
LaTeX Font Info:    External font `cmex10' loaded for size
(Font)              <7> on input line 15.
LaTeX Font Info:    External font `cmex10' loaded for size
(Font)              <5> on input line 15.
 (./pretty.tex

! LaTeX Error: Can be used only in preamble.

See the LaTeX manual or LaTeX Companion for explanation.
Type  H <return>  for immediate help.
 ...                                              
                                                  
l.1 \documentclass
                  {article}\author{The accent compiler compiler}\title{Latex...

Your command was ignored.
Type  I <command> <return>  to replace it with another command,
or  <return>  to continue without it.


! LaTeX Error: Can be used only in preamble.

See the LaTeX manual or LaTeX Companion for explanation.
Type  H <return>  for immediate help.
 ...                                              
                                                  
l.1 ...title{Latex pretty printer}\begin{document}
                                                  \maketitle
Your command was ignored.
Type  I <command> <return>  to replace it with another command,
or  <return>  to continue without it.

LaTeX Font Info:    Try loading font information for OMS+cmr on input line 3.
(/usr/share/texmf-dist/tex/latex/base/omscmr.fd
File: omscmr.fd 1999/05/25 v2.5h Standard LaTeX font definitions
)
LaTeX Font Info:    Font shape `OMS/cmr/m/n' in size <10> not available
(Font)              Font shape `OMS/cmsy/m/n' tried instead on input line 3.
 [1

{/var/lib/texmf/fonts/map/pdftex/updmap/pdftex.map}] [2] [3] (./report.aux) ) )

(\end occurred inside a group at level 1)

### semi simple group (level 1) entered at line 1 (\begingroup)
### bottom level 
Here is how much of TeX's memory you used:
 1470 strings out of 493311
 20643 string characters out of 6143650
 75816 words of memory out of 5000000
 4975 multiletter control sequences out of 15000+600000
 7588 words of font info for 27 fonts, out of 8000000 for 9000
 957 hyphenation exceptions out of 8191
 26i,6n,32p,982b,860s stack positions out of 5000i,500n,10000p,200000b,80000s
</usr/share/texmf-dist/fonts/type1/public/amsfonts/cm/cmbx10.pf
b></usr/share/texmf-dist/fonts/type1/public/amsfonts/cm/cmbx12.pfb></usr/share/
texmf-dist/fonts/type1/public/amsfonts/cm/cmmi10.pfb></usr/share/texmf-dist/fon
ts/type1/public/amsfonts/cm/cmr10.pfb></usr/share/texmf-dist/fonts/type1/public
/amsfonts/cm/cmr12.pfb></usr/share/texmf-dist/fonts/type1/public/amsfonts/cm/cm
r17.pfb></usr/share/texmf-dist/fonts/type1/public/amsfonts/cm/cmr7.pfb></usr/sh
are/texmf-dist/fonts/type1/public/amsfonts/cm/cmsy10.pfb>
Output written on report.pdf (3 pages, 91207 bytes).
PDF statistics:
 46 PDF objects out of 1000 (max. 8388607)
 32 compressed objects within 1 object stream
 0 named destinations out of 1000 (max. 500000)
 1 words of extra memory for PDF output out of 10000 (max. 10000000)

